# JRE version: OpenJDK Runtime Environment Microsoft-10376486 (17.0.13+11) (build 17.0.13+11-LTS)
# Java VM: OpenJDK 64-Bit Server VM Microsoft-10376486 (17.0.13+11-LTS, mixed mode, sharing, tiered, compressed oops, compressed class ptrs, g1 gc, windows-amd64)
GC Precious Log:
 CPUs: 16 total, 16 available
 Memory: 32520M
 Large Page Support: Disabled
 NUMA Support: Disabled
 Compressed Oops: Enabled (32-bit)
 Heap Region Size: 1M
 Heap Min Capacity: 256M
 Heap Initial Capacity: 256M
 Heap Max Capacity: 512M
 Pre-touch: Disabled
 Parallel Workers: 13
 Concurrent Workers: 3
 Concurrent Refinement Workers: 13
 Periodic GC: Disabled
Heap:
 garbage-first heap   total 262144K, used 75370K [0x00000000e0000000, 0x0000000100000000)
  region size 1024K, 26 young (26624K), 4 survivors (4096K)
 Metaspace       used 61463K, committed 62272K, reserved 393216K
  class space    used 8811K, committed 9216K, reserved 327680K
GC Heap History (20 events):
Event: 1.134 GC heap before
{Heap before GC invocations=0 (full 0):
 garbage-first heap   total 262144K, used 26624K [0x00000000e0000000, 0x0000000100000000)
  region size 1024K, 23 young (23552K), 0 survivors (0K)
 Metaspace       used 2877K, committed 3008K, reserved 393216K
  class space    used 331K, committed 384K, reserved 327680K
}
Event: 1.139 GC heap after
{Heap after GC invocations=1 (full 0):
 garbage-first heap   total 262144K, used 11053K [0x00000000e0000000, 0x0000000100000000)
  region size 1024K, 3 young (3072K), 3 survivors (3072K)
 Metaspace       used 2877K, committed 3008K, reserved 393216K
  class space    used 331K, committed 384K, reserved 327680K
}
Event: 1.771 GC heap before
{Heap before GC invocations=1 (full 0):
 garbage-first heap   total 262144K, used 41773K [0x00000000e0000000, 0x0000000100000000)
  region size 1024K, 31 young (31744K), 3 survivors (3072K)
 Metaspace       used 4639K, committed 4800K, reserved 393216K
  class space    used 581K, committed 640K, reserved 327680K
}
Event: 1.775 GC heap after
{Heap after GC invocations=2 (full 0):
 garbage-first heap   total 262144K, used 14086K [0x00000000e0000000, 0x0000000100000000)
  region size 1024K, 3 young (3072K), 3 survivors (3072K)
 Metaspace       used 4639K, committed 4800K, reserved 393216K
  class space    used 581K, committed 640K, reserved 327680K
}
Event: 3.960 GC heap before
{Heap before GC invocations=2 (full 0):
 garbage-first heap   total 262144K, used 96006K [0x00000000e0000000, 0x0000000100000000)
  region size 1024K, 83 young (84992K), 3 survivors (3072K)
 Metaspace       used 16526K, committed 16768K, reserved 393216K
  class space    used 2267K, committed 2368K, reserved 327680K
}
Event: 3.968 GC heap after
{Heap after GC invocations=3 (full 0):
 garbage-first heap   total 262144K, used 21751K [0x00000000e0000000, 0x0000000100000000)
  region size 1024K, 10 young (10240K), 10 survivors (10240K)
 Metaspace       used 16526K, committed 16768K, reserved 393216K
  class space    used 2267K, committed 2368K, reserved 327680K
}
Event: 4.884 GC heap before
{Heap before GC invocations=3 (full 0):
 garbage-first heap   total 262144K, used 55543K [0x00000000e0000000, 0x0000000100000000)
  region size 1024K, 43 young (44032K), 10 survivors (10240K)
 Metaspace       used 21180K, committed 21504K, reserved 393216K
  class space    used 2903K, committed 3072K, reserved 327680K
}
Event: 4.890 GC heap after
{Heap after GC invocations=4 (full 0):
 garbage-first heap   total 262144K, used 23805K [0x00000000e0000000, 0x0000000100000000)
  region size 1024K, 3 young (3072K), 3 survivors (3072K)
 Metaspace       used 21180K, committed 21504K, reserved 393216K
  class space    used 2903K, committed 3072K, reserved 327680K
}
Event: 8.246 GC heap before
{Heap before GC invocations=5 (full 0):
 garbage-first heap   total 262144K, used 133373K [0x00000000e0000000, 0x0000000100000000)
  region size 1024K, 112 young (114688K), 3 survivors (3072K)
 Metaspace       used 35458K, committed 35968K, reserved 393216K
  class space    used 4967K, committed 5248K, reserved 327680K
}
Event: 8.253 GC heap after
{Heap after GC invocations=6 (full 0):
 garbage-first heap   total 262144K, used 30545K [0x00000000e0000000, 0x0000000100000000)
  region size 1024K, 9 young (9216K), 9 survivors (9216K)
 Metaspace       used 35458K, committed 35968K, reserved 393216K
  class space    used 4967K, committed 5248K, reserved 327680K
}
Event: 8.308 GC heap before
{Heap before GC invocations=6 (full 0):
 garbage-first heap   total 262144K, used 32593K [0x00000000e0000000, 0x0000000100000000)
  region size 1024K, 12 young (12288K), 9 survivors (9216K)
 Metaspace       used 35778K, committed 36288K, reserved 393216K
  class space    used 5016K, committed 5312K, reserved 327680K
}
Event: 8.313 GC heap after
{Heap after GC invocations=7 (full 0):
 garbage-first heap   total 262144K, used 31457K [0x00000000e0000000, 0x0000000100000000)
  region size 1024K, 2 young (2048K), 2 survivors (2048K)
 Metaspace       used 35778K, committed 36288K, reserved 393216K
  class space    used 5016K, committed 5312K, reserved 327680K
}
Event: 8.415 GC heap before
{Heap before GC invocations=7 (full 0):
 garbage-first heap   total 262144K, used 34529K [0x00000000e0000000, 0x0000000100000000)
  region size 1024K, 6 young (6144K), 2 survivors (2048K)
 Metaspace       used 36078K, committed 36608K, reserved 393216K
  class space    used 5062K, committed 5312K, reserved 327680K
}
Event: 8.417 GC heap after
{Heap after GC invocations=8 (full 0):
 garbage-first heap   total 262144K, used 30517K [0x00000000e0000000, 0x0000000100000000)
  region size 1024K, 1 young (1024K), 1 survivors (1024K)
 Metaspace       used 36078K, committed 36608K, reserved 393216K
  class space    used 5062K, committed 5312K, reserved 327680K
}
Event: 12.330 GC heap before
{Heap before GC invocations=9 (full 0):
 garbage-first heap   total 262144K, used 186165K [0x00000000e0000000, 0x0000000100000000)
  region size 1024K, 153 young (156672K), 1 survivors (1024K)
 Metaspace       used 47582K, committed 48192K, reserved 393216K
  class space    used 6765K, committed 7040K, reserved 327680K
}
Event: 12.338 GC heap after
{Heap after GC invocations=10 (full 0):
 garbage-first heap   total 262144K, used 40805K [0x00000000e0000000, 0x0000000100000000)
  region size 1024K, 11 young (11264K), 11 survivors (11264K)
 Metaspace       used 47582K, committed 48192K, reserved 393216K
  class space    used 6765K, committed 7040K, reserved 327680K
}
Event: 15.859 GC heap before
{Heap before GC invocations=10 (full 0):
 garbage-first heap   total 262144K, used 186213K [0x00000000e0000000, 0x0000000100000000)
  region size 1024K, 153 young (156672K), 11 survivors (11264K)
 Metaspace       used 59144K, committed 59904K, reserved 393216K
  class space    used 8539K, committed 8896K, reserved 327680K
}
Event: 15.869 GC heap after
{Heap after GC invocations=11 (full 0):
 garbage-first heap   total 262144K, used 50497K [0x00000000e0000000, 0x0000000100000000)
  region size 1024K, 20 young (20480K), 20 survivors (20480K)
 Metaspace       used 59144K, committed 59904K, reserved 393216K
  class space    used 8539K, committed 8896K, reserved 327680K
}
Event: 17.016 GC heap before
{Heap before GC invocations=11 (full 0):
 garbage-first heap   total 262144K, used 65857K [0x00000000e0000000, 0x0000000100000000)
  region size 1024K, 37 young (37888K), 20 survivors (20480K)
 Metaspace       used 60354K, committed 61120K, reserved 393216K
  class space    used 8724K, committed 9088K, reserved 327680K
}
Event: 17.028 GC heap after
{Heap after GC invocations=12 (full 0):
 garbage-first heap   total 262144K, used 53866K [0x00000000e0000000, 0x0000000100000000)
  region size 1024K, 4 young (4096K), 4 survivors (4096K)
 Metaspace       used 60354K, committed 61120K, reserved 393216K
  class space    used 8724K, committed 9088K, reserved 327680K
}

